\BOOKMARK [1][-]{section*.2}{\376\377\004\037\004\065\004\110\004\065\004\105\004\076\004\064\004\075\004\060\004\117\000\040\004\061\004\070\004\061\004\073\004\070\004\076\004\102\004\065\004\072\004\060}{}% 1
\BOOKMARK [2][-]{section*.3}{\376\377\004\037\004\065\004\110\004\065\004\105\004\076\004\064\004\075\004\060\004\117\000\040\004\061\004\070\004\061\004\073\004\070\004\076\004\102\004\065\004\072\004\060\000.\000\040\004\037\004\065\004\100\004\062\004\060\004\117\000\040\004\074\004\076\004\064\004\065\004\073\004\114}{section*.2}% 2
\BOOKMARK [2][-]{section*.4}{\376\377\004\037\004\100\004\076\004\065\004\072\004\102\000\040\000<\000<\004\041\004\102\004\060\004\075\004\106\004\070\004\117\000\040\004\074\004\065\004\102\004\100\004\076\000>\000>}{section*.2}% 3
\BOOKMARK [1][-]{section*.5}{\376\377\004\022\004\075\004\065\004\110\004\075\004\070\004\065\000\040\004\064\004\060\004\075\004\075\004\113\004\065\000.\000\040\004\042\004\060\004\061\004\073\004\070\004\107\004\075\004\113\004\065\000\040\004\104\004\103\004\075\004\072\004\106\004\070\004\070}{}% 4
\BOOKMARK [2][-]{section*.6}{\376\377\004\047\004\102\004\065\004\075\004\070\004\065\000\040\004\070\004\067\000\040\000E\000x\000c\000e\000l\000\040\040\023\000\040\004\104\004\070\004\063\004\103\004\100\004\113}{section*.5}% 5
\BOOKMARK [2][-]{section*.7}{\376\377\004\044\004\070\004\063\004\103\004\100\004\113\000\040\004\070\004\067\000\040\004\077\004\100\004\065\004\067\004\065\004\075\004\102\004\060\004\106\004\070\004\070\000\040\004\062\000\040\004\104\004\060\004\071\004\073\000\040\000M\000S\000\040\000E\000x\000c\000e\000l}{section*.5}% 6
\BOOKMARK [1][-]{section*.8}{\376\377\004\041\004\070\004\101\004\102\004\065\004\074\004\075\004\060\004\117\000\040\004\064\004\070\004\075\004\060\004\074\004\070\004\072\004\060}{}% 7
\BOOKMARK [2][-]{section*.9}{\376\377\004\034\004\076\004\064\004\065\004\073\004\114\000\040\004\100\004\060\004\067\004\062\004\070\004\102\004\070\004\117\000\040\004\101\004\076\004\106\004\070\004\060\004\073\004\114\004\075\004\076\004\063\004\076\000\040\004\101\004\102\004\100\004\065\004\101\004\101\004\060}{section*.8}% 8
\BOOKMARK [1][-]{section*.10}{\376\377\004\020\004\063\004\065\004\075\004\102\004\075\004\113\004\065\000\040\004\074\004\076\004\064\004\065\004\073\004\070\000.\000\040\004\024\004\070\004\101\004\072\004\100\004\065\004\102\004\075\004\076\004\065\000\040\004\077\004\100\004\076\004\101\004\102\004\100\004\060\004\075\004\101\004\102\004\062\004\076}{}% 9
\BOOKMARK [2][-]{section*.11}{\376\377\000<\000<\004\026\004\070\004\067\004\075\004\114\000>\000>\000\040\004\032\004\076\004\075\004\062\004\065\004\117}{section*.10}% 10
\BOOKMARK [2][-]{section*.12}{\376\377\004\034\004\076\004\064\004\065\004\073\004\114\000\040\004\101\004\065\004\063\004\100\004\065\004\063\004\060\004\106\004\070\004\070\000\040\004\050\004\065\004\073\004\073\004\070\004\075\004\063\004\060\000\040\004\062\000\040\000A\000n\000y\000L\000o\000g\000i\000c}{section*.10}% 11
\BOOKMARK [2][-]{section*.13}{\376\377\004\034\004\076\004\064\004\065\004\073\004\114\000\040\004\101\004\065\004\063\004\100\004\065\004\063\004\060\004\106\004\070\004\070\000\040\004\050\004\065\004\073\004\073\004\070\004\075\004\063\004\060\000\040\004\062\000\040\000P\000y\000t\000h\000o\000n}{section*.10}% 12
\BOOKMARK [1][-]{section*.14}{\376\377\004\024\004\070\004\060\004\063\004\100\004\060\004\074\004\074\004\113\000\040\004\101\004\076\004\101\004\102\004\076\004\117\004\075\004\070\004\071\000\040\004\070\000\040\004\101\004\076\004\061\004\113\004\102\004\070\004\117}{}% 13
\BOOKMARK [2][-]{section*.15}{\376\377\004\041\004\062\004\065\004\102\004\076\004\104\004\076\004\100}{section*.14}% 14
\BOOKMARK [2][-]{section*.16}{\376\377\000S\000I\000R\000\040\040\023\000\040\004\060\004\063\004\065\004\075\004\102\004\075\004\060\004\117\000\040\004\074\004\076\004\064\004\065\004\073\004\114}{section*.14}% 15
\BOOKMARK [2][-]{section*.17}{\376\377\004\035\004\076\004\103\004\102\004\061\004\103\004\072\000\040\000+\000\040\004\067\004\060\004\100\004\117\004\064\004\072\004\060}{section*.14}% 16
\BOOKMARK [2][-]{section*.18}{\376\377\000S\000I\000E\000R\000D\000\040\000+\000\040\004\062\004\060\004\072\004\106\004\070\004\075\004\060\004\106\004\070\004\117}{section*.14}% 17
\BOOKMARK [1][-]{section*.19}{\376\377\004\024\004\070\004\060\004\063\004\100\004\060\004\074\004\074\004\060\000\040\004\064\004\065\004\071\004\101\004\102\004\062\004\070\004\071}{}% 18
\BOOKMARK [2][-]{section*.20}{\376\377\004\041\004\103\004\074\004\074\004\060\000\040\004\100\004\117\004\064\004\060\000\040\040\023\000\040\004\115\004\072\004\101\004\077\004\076\004\075\004\065\004\075\004\102\004\060}{section*.19}% 19
\BOOKMARK [2][-]{section*.21}{\376\377\004\041\004\103\004\074\004\074\004\060\000\040\004\100\004\117\004\064\004\060\000\040\040\023\000\040\004\101\004\070\004\075\004\103\004\101}{section*.19}% 20
\BOOKMARK [1][-]{section*.22}{\376\377\004\020\004\063\004\065\004\075\004\102\004\075\004\113\004\065\000\040\004\074\004\076\004\064\004\065\004\073\004\070}{}% 21
\BOOKMARK [2][-]{section*.23}{\376\377\004\037\004\076\004\064\004\063\004\076\004\102\004\076\004\062\004\072\004\060\000\040\004\072\000\040\004\067\004\060\004\107\004\121\004\102\004\103}{section*.22}% 22
\BOOKMARK [2][-]{section*.24}{\376\377\004\041\004\062\004\117\004\067\004\070\000\040\004\060\004\063\004\065\004\075\004\102\004\076\004\062\000\040\040\023\000\040\004\064\004\076\004\061\004\060\004\062\004\073\004\065\004\075\004\070\004\065\000,\000\040\004\103\004\064\004\060\004\073\004\065\004\075\004\070\004\065\000,\000\040\004\101\004\077\004\070\004\101\004\076\004\072\000,\000\040\004\072\004\076\004\073\004\070\004\107\004\065\004\101\004\102\004\062\004\076}{section*.22}% 23
\BOOKMARK [1][-]{section*.25}{\376\377\004\040\004\060\004\061\004\076\004\102\004\060\000\040\004\101\000\040\004\023\004\030\004\041\000-\004\072\004\060\004\100\004\102\004\060\004\074\004\070}{}% 24
\BOOKMARK [2][-]{section*.26}{\376\377\004\024\004\076\004\101\004\102\004\060\004\062\004\072\004\060\000\040\004\101\000\040\004\077\004\076\004\072\004\103\004\077\004\072\004\060\004\074\004\070}{section*.25}% 25
\BOOKMARK [2][-]{section*.27}{\376\377\004\037\004\100\004\076\004\065\004\072\004\102\000\040\000<\000<\004\024\004\076\004\101\004\102\004\060\004\062\004\072\004\060\000\040\004\102\004\076\004\062\004\060\004\100\004\076\004\062\000\040\004\075\004\060\000\040\004\077\004\100\004\070\004\074\004\065\004\100\004\065\000\040\004\074\004\060\004\100\004\072\004\065\004\102\004\077\004\073\004\065\004\071\004\101\004\060\000\040\000O\000z\000o\000n\000>\000>}{section*.25}% 26
