\BOOKMARK [1][-]{section*.2}{\376\377\004\034\004\076\004\064\004\065\004\073\004\070\004\100\004\076\004\062\004\060\004\075\004\070\004\065\000\040\004\115\004\072\004\076\004\075\004\076\004\074\004\070\004\107\004\065\004\101\004\072\004\076\004\063\004\076\000\040\004\100\004\076\004\101\004\102\004\060}{}% 1
\BOOKMARK [2][-]{section*.3}{\376\377\004\034\004\076\004\064\004\065\004\073\004\114\000\040\004\041\004\076\004\073\004\076\004\103\000\040\004\101\000\040\004\107\004\065\004\073\004\076\004\062\004\065\004\107\004\065\004\101\004\072\004\070\004\074\000\040\004\072\004\060\004\077\004\070\004\102\004\060\004\073\004\076\004\074}{section*.2}% 2
\BOOKMARK [3][-]{section*.4}{\376\377\004\034\004\076\004\064\004\065\004\073\004\114\000\040\004\041\004\076\004\073\004\076\004\103\000\040\004\101\000\040\004\107\004\065\004\073\004\076\004\062\004\065\004\107\004\065\004\101\004\072\004\070\004\074\000\040\004\072\004\060\004\077\004\070\004\102\004\060\004\073\004\076\004\074\000\040\040\023\000\040\004\077\004\065\004\100\004\065\004\105\004\076\004\064\000\040\004\072\000\040\004\076\004\102\004\075\004\076\004\101\004\070\004\102\004\065\004\073\004\114\004\075\004\113\004\074\000\040\004\077\004\076\004\072\004\060\004\067\004\060\004\102\004\065\004\073\004\117\004\074}{section*.3}% 3
\BOOKMARK [3][-]{section*.5}{\376\377\004\032\004\060\004\107\004\065\004\101\004\102\004\062\004\065\004\075\004\075\004\113\004\071\000\040\004\060\004\075\004\060\004\073\004\070\004\067\000\040\004\074\004\076\004\064\004\065\004\073\004\070\000\040\004\041\004\076\004\073\004\076\004\103\000\040\004\101\000\040\004\107\004\065\004\073\004\076\004\062\004\065\004\107\004\065\004\101\004\072\004\070\004\074\000\040\004\072\004\060\004\077\004\070\004\102\004\060\004\073\004\076\004\074}{section*.3}% 4
\BOOKMARK [3][-]{section*.6}{\376\377\004\047\004\070\004\101\004\073\004\065\004\075\004\075\004\113\004\071\000\040\004\060\004\075\004\060\004\073\004\070\004\067\000\040\004\074\004\076\004\064\004\065\004\073\004\070\000\040\004\041\004\076\004\073\004\076\004\103\000\040\004\101\000\040\004\107\004\065\004\073\004\076\004\062\004\065\004\107\004\065\004\101\004\072\004\070\004\074\000\040\004\072\004\060\004\077\004\070\004\102\004\060\004\073\004\076\004\074}{section*.3}% 5
\BOOKMARK [2][-]{section*.7}{\376\377\004\034\004\076\004\064\004\065\004\073\004\114\000\040\004\100\004\076\004\101\004\102\004\060\000\040\000R\000\046\000D}{section*.2}% 6
\BOOKMARK [2][-]{section*.8}{\376\377\004\032\004\073\004\060\004\101\004\102\004\065\004\100\004\070\004\067\004\060\004\106\004\070\004\117\000\040\004\101\004\102\004\100\004\060\004\075}{section*.2}% 7
\BOOKMARK [2][-]{section*.9}{\376\377\004\036\004\106\004\065\004\075\004\072\004\060\000\040\004\072\004\076\004\115\004\104\004\104\004\070\004\106\004\070\004\065\004\075\004\102\004\060\000\040\004\024\004\066\004\070\004\075\004\070\000\040\004\077\004\076\000\040\004\072\004\062\004\070\004\075\004\102\004\070\004\073\004\114\004\075\004\113\004\074\000\040\004\064\004\060\004\075\004\075\004\113\004\074}{section*.2}% 8
\BOOKMARK [2][-]{section*.10}{\376\377\004\020\004\075\004\060\004\073\004\070\004\067\000\040\004\077\004\076\004\072\004\060\004\067\004\060\004\102\004\065\004\073\004\065\004\071\000\040\004\057\004\077\004\076\004\075\004\070\004\070}{section*.2}% 9
\BOOKMARK [1][-]{section*.11}{\376\377\004\034\004\076\004\064\004\065\004\073\004\070\000\040\004\074\004\070\004\100\004\076\004\062\004\076\004\071\000\040\004\064\004\070\004\075\004\060\004\074\004\070\004\072\004\070}{}% 10
\BOOKMARK [2][-]{section*.12}{\376\377\004\034\004\076\004\064\004\065\004\073\004\114\000\040\004\032\004\076\004\100\004\076\004\102\004\060\004\065\004\062\004\060}{section*.11}% 11
\BOOKMARK [2][-]{section*.13}{\376\377\004\034\004\076\004\064\004\065\004\073\004\114\000\040\004\062\004\067\004\060\004\070\004\074\004\076\004\064\004\065\004\071\004\101\004\102\004\062\004\070\004\117\000\040\004\106\004\065\004\075\004\102\004\100\004\060\000\040\004\070\000\040\004\077\004\065\004\100\004\065\004\104\004\065\004\100\004\070\004\070}{section*.11}% 12
\BOOKMARK [2][-]{section*.14}{\376\377\004\034\004\076\004\064\004\065\004\073\004\114\000\040\004\100\004\060\004\067\004\100\004\065\004\110\004\065\004\075\004\070\004\117\000\040\004\072\004\076\004\075\004\104\004\073\004\070\004\072\004\102\004\060}{section*.11}% 13
\BOOKMARK [1][-]{section*.15}{\376\377\004\034\004\076\004\064\004\065\004\073\004\070\000\040\004\106\004\070\004\072\004\073\004\076\004\062}{}% 14
\BOOKMARK [2][-]{section*.16}{\376\377\004\034\004\076\004\064\004\065\004\073\004\114\000\040\004\032\004\065\004\071\004\075\004\101\004\060}{section*.15}% 15
\BOOKMARK [2][-]{section*.17}{\376\377\004\034\004\076\004\064\004\065\004\073\004\114\000\040\004\074\004\065\004\066\004\064\004\103\004\075\004\060\004\100\004\076\004\064\004\075\004\076\004\071\000\040\004\102\004\076\004\100\004\063\004\076\004\062\004\073\004\070}{section*.15}% 16
\BOOKMARK [2][-]{section*.18}{\376\377\004\037\004\076\004\072\004\060\004\067\004\060\004\102\004\065\004\073\004\114\000\040\004\045\004\121\004\100\004\101\004\102\004\060}{section*.15}% 17
\BOOKMARK [2][-]{section*.19}{\376\377\004\034\004\076\004\064\004\065\004\073\004\114\000\040\004\042\004\076\004\061\004\070\004\075\004\060}{section*.15}% 18
\BOOKMARK [2][-]{section*.20}{\376\377\004\034\004\076\004\064\004\065\004\073\004\114\000\040\004\032\004\060\004\073\004\064\004\076\004\100\004\060\000-\004\032\004\060\004\073\004\065\004\106\004\072\004\076\004\063\004\076}{section*.15}% 19
\BOOKMARK [2][-]{section*.21}{\376\377\004\034\004\076\004\064\004\065\004\073\004\114\000\040\004\023\004\103\004\064\004\062\004\070\004\075\004\060}{section*.15}% 20
\BOOKMARK [1][-]{section*.22}{\376\377\004\034\004\076\004\064\004\065\004\073\004\070\000\040\004\115\004\072\004\076\004\075\004\076\004\074\004\070\004\107\004\065\004\101\004\072\004\076\004\063\004\076\000\040\004\100\004\060\004\062\004\075\004\076\004\062\004\065\004\101\004\070\004\117}{}% 21
\BOOKMARK [2][-]{section*.23}{\376\377\004\034\004\076\004\064\004\065\004\073\004\114\000\040\004\022\004\060\004\073\004\114\004\100\004\060\004\101\004\060\000-\004\034\004\060\004\100\004\110\004\060\004\073\004\073\004\060}{section*.22}% 22
\BOOKMARK [1][-]{section*.24}{\376\377\004\040\004\065\004\060\004\073\004\070\004\067\004\060\004\106\004\070\004\117\000\040\004\070\000\040\004\060\004\075\004\060\004\073\004\070\004\067\000\040\004\034\004\055\004\024}{}% 23
\BOOKMARK [2][-]{section*.25}{\376\377\004\034\004\076\004\064\004\065\004\073\004\070\004\100\004\076\004\062\004\060\004\075\004\070\004\065\000\040\004\062\004\060\004\073\004\116\004\102\004\075\004\076\004\063\004\076\000\040\004\072\004\103\004\100\004\101\004\060}{section*.24}% 24
\BOOKMARK [1][-]{section*.26}{\376\377\004\027\004\060\004\072\004\073\004\116\004\107\004\065\004\075\004\070\004\065}{}% 25
